<?xml version="1.0" encoding="UTF-8"?>
<testsuite xmlns:xsi="http://www.w3.org/2001/XMLSchema-instance" xsi:noNamespaceSchemaLocation="https://maven.apache.org/surefire/maven-surefire-plugin/xsd/surefire-test-report-3.0.xsd" version="3.0" name="com.example.AppTest" time="0.031" tests="1" errors="0" skipped="0" failures="0">
  <properties>
    <property name="java.specification.version" value="22"/>
    <property name="sun.jnu.encoding" value="UTF-8"/>
    <property name="java.class.path" value="/Users/carolinacosta/JavaSeleniumCucumber/target/test-classes:/Users/carolinacosta/JavaSeleniumCucumber/target/classes:/Users/carolinacosta/.m2/repository/org/seleniumhq/selenium/selenium-java/4.1.0/selenium-java-4.1.0.jar:/Users/carolinacosta/.m2/repository/org/seleniumhq/selenium/selenium-api/4.1.0/selenium-api-4.1.0.jar:/Users/carolinacosta/.m2/repository/org/seleniumhq/selenium/selenium-chrome-driver/4.1.0/selenium-chrome-driver-4.1.0.jar:/Users/carolinacosta/.m2/repository/com/google/auto/service/auto-service-annotations/1.0.1/auto-service-annotations-1.0.1.jar:/Users/carolinacosta/.m2/repository/com/google/auto/service/auto-service/1.0.1/auto-service-1.0.1.jar:/Users/carolinacosta/.m2/repository/com/google/auto/auto-common/1.2/auto-common-1.2.jar:/Users/carolinacosta/.m2/repository/com/google/guava/guava/31.0.1-jre/guava-31.0.1-jre.jar:/Users/carolinacosta/.m2/repository/com/google/guava/failureaccess/1.0.1/failureaccess-1.0.1.jar:/Users/carolinacosta/.m2/repository/com/google/guava/listenablefuture/9999.0-empty-to-avoid-conflict-with-guava/listenablefuture-9999.0-empty-to-avoid-conflict-with-guava.jar:/Users/carolinacosta/.m2/repository/com/google/code/findbugs/jsr305/3.0.2/jsr305-3.0.2.jar:/Users/carolinacosta/.m2/repository/org/checkerframework/checker-qual/3.12.0/checker-qual-3.12.0.jar:/Users/carolinacosta/.m2/repository/com/google/errorprone/error_prone_annotations/2.7.1/error_prone_annotations-2.7.1.jar:/Users/carolinacosta/.m2/repository/com/google/j2objc/j2objc-annotations/1.3/j2objc-annotations-1.3.jar:/Users/carolinacosta/.m2/repository/org/seleniumhq/selenium/selenium-chromium-driver/4.1.0/selenium-chromium-driver-4.1.0.jar:/Users/carolinacosta/.m2/repository/org/seleniumhq/selenium/selenium-json/4.1.0/selenium-json-4.1.0.jar:/Users/carolinacosta/.m2/repository/org/seleniumhq/selenium/selenium-devtools-v85/4.1.0/selenium-devtools-v85-4.1.0.jar:/Users/carolinacosta/.m2/repository/org/seleniumhq/selenium/selenium-devtools-v94/4.1.0/selenium-devtools-v94-4.1.0.jar:/Users/carolinacosta/.m2/repository/org/seleniumhq/selenium/selenium-devtools-v95/4.1.0/selenium-devtools-v95-4.1.0.jar:/Users/carolinacosta/.m2/repository/org/seleniumhq/selenium/selenium-devtools-v96/4.1.0/selenium-devtools-v96-4.1.0.jar:/Users/carolinacosta/.m2/repository/org/seleniumhq/selenium/selenium-edge-driver/4.1.0/selenium-edge-driver-4.1.0.jar:/Users/carolinacosta/.m2/repository/org/seleniumhq/selenium/selenium-firefox-driver/4.1.0/selenium-firefox-driver-4.1.0.jar:/Users/carolinacosta/.m2/repository/org/seleniumhq/selenium/selenium-firefox-xpi-driver/4.1.0/selenium-firefox-xpi-driver-4.1.0.jar:/Users/carolinacosta/.m2/repository/org/seleniumhq/selenium/selenium-ie-driver/4.1.0/selenium-ie-driver-4.1.0.jar:/Users/carolinacosta/.m2/repository/org/seleniumhq/selenium/selenium-opera-driver/4.1.0/selenium-opera-driver-4.1.0.jar:/Users/carolinacosta/.m2/repository/org/seleniumhq/selenium/selenium-remote-driver/4.1.0/selenium-remote-driver-4.1.0.jar:/Users/carolinacosta/.m2/repository/com/beust/jcommander/1.81/jcommander-1.81.jar:/Users/carolinacosta/.m2/repository/io/netty/netty-buffer/4.1.69.Final/netty-buffer-4.1.69.Final.jar:/Users/carolinacosta/.m2/repository/io/netty/netty-codec-http/4.1.69.Final/netty-codec-http-4.1.69.Final.jar:/Users/carolinacosta/.m2/repository/io/netty/netty-codec/4.1.69.Final/netty-codec-4.1.69.Final.jar:/Users/carolinacosta/.m2/repository/io/netty/netty-handler/4.1.69.Final/netty-handler-4.1.69.Final.jar:/Users/carolinacosta/.m2/repository/io/netty/netty-common/4.1.69.Final/netty-common-4.1.69.Final.jar:/Users/carolinacosta/.m2/repository/io/netty/netty-transport-native-epoll/4.1.69.Final/netty-transport-native-epoll-4.1.69.Final.jar:/Users/carolinacosta/.m2/repository/io/netty/netty-transport-native-kqueue/4.1.69.Final/netty-transport-native-kqueue-4.1.69.Final.jar:/Users/carolinacosta/.m2/repository/io/netty/netty-transport-native-unix-common/4.1.69.Final/netty-transport-native-unix-common-4.1.69.Final.jar:/Users/carolinacosta/.m2/repository/io/netty/netty-transport/4.1.69.Final/netty-transport-4.1.69.Final.jar:/Users/carolinacosta/.m2/repository/io/netty/netty-resolver/4.1.69.Final/netty-resolver-4.1.69.Final.jar:/Users/carolinacosta/.m2/repository/io/opentelemetry/opentelemetry-api/1.9.0/opentelemetry-api-1.9.0.jar:/Users/carolinacosta/.m2/repository/io/opentelemetry/opentelemetry-context/1.9.0/opentelemetry-context-1.9.0.jar:/Users/carolinacosta/.m2/repository/io/opentelemetry/opentelemetry-exporter-logging/1.9.0/opentelemetry-exporter-logging-1.9.0.jar:/Users/carolinacosta/.m2/repository/io/opentelemetry/opentelemetry-sdk-metrics/1.9.0-alpha/opentelemetry-sdk-metrics-1.9.0-alpha.jar:/Users/carolinacosta/.m2/repository/io/opentelemetry/opentelemetry-sdk-logs/1.9.0-alpha/opentelemetry-sdk-logs-1.9.0-alpha.jar:/Users/carolinacosta/.m2/repository/com/fasterxml/jackson/core/jackson-databind/2.13.0/jackson-databind-2.13.0.jar:/Users/carolinacosta/.m2/repository/com/fasterxml/jackson/core/jackson-annotations/2.13.0/jackson-annotations-2.13.0.jar:/Users/carolinacosta/.m2/repository/com/fasterxml/jackson/core/jackson-core/2.13.0/jackson-core-2.13.0.jar:/Users/carolinacosta/.m2/repository/io/opentelemetry/opentelemetry-sdk-common/1.9.0/opentelemetry-sdk-common-1.9.0.jar:/Users/carolinacosta/.m2/repository/io/opentelemetry/opentelemetry-sdk-extension-autoconfigure-spi/1.9.0/opentelemetry-sdk-extension-autoconfigure-spi-1.9.0.jar:/Users/carolinacosta/.m2/repository/io/opentelemetry/opentelemetry-sdk-extension-autoconfigure/1.9.0-alpha/opentelemetry-sdk-extension-autoconfigure-1.9.0-alpha.jar:/Users/carolinacosta/.m2/repository/io/opentelemetry/opentelemetry-sdk-trace/1.9.0/opentelemetry-sdk-trace-1.9.0.jar:/Users/carolinacosta/.m2/repository/io/opentelemetry/opentelemetry-api-metrics/1.9.0-alpha/opentelemetry-api-metrics-1.9.0-alpha.jar:/Users/carolinacosta/.m2/repository/io/opentelemetry/opentelemetry-sdk/1.9.0/opentelemetry-sdk-1.9.0.jar:/Users/carolinacosta/.m2/repository/io/opentelemetry/opentelemetry-semconv/1.9.0-alpha/opentelemetry-semconv-1.9.0-alpha.jar:/Users/carolinacosta/.m2/repository/io/ous/jtoml/2.0.0/jtoml-2.0.0.jar:/Users/carolinacosta/.m2/repository/net/bytebuddy/byte-buddy/1.12.1/byte-buddy-1.12.1.jar:/Users/carolinacosta/.m2/repository/org/apache/commons/commons-exec/1.3/commons-exec-1.3.jar:/Users/carolinacosta/.m2/repository/org/asynchttpclient/async-http-client/2.12.3/async-http-client-2.12.3.jar:/Users/carolinacosta/.m2/repository/org/asynchttpclient/async-http-client-netty-utils/2.12.3/async-http-client-netty-utils-2.12.3.jar:/Users/carolinacosta/.m2/repository/io/netty/netty-codec-socks/4.1.60.Final/netty-codec-socks-4.1.60.Final.jar:/Users/carolinacosta/.m2/repository/io/netty/netty-handler-proxy/4.1.60.Final/netty-handler-proxy-4.1.60.Final.jar:/Users/carolinacosta/.m2/repository/io/netty/netty-transport-native-epoll/4.1.60.Final/netty-transport-native-epoll-4.1.60.Final-linux-x86_64.jar:/Users/carolinacosta/.m2/repository/io/netty/netty-transport-native-kqueue/4.1.60.Final/netty-transport-native-kqueue-4.1.60.Final-osx-x86_64.jar:/Users/carolinacosta/.m2/repository/org/reactivestreams/reactive-streams/1.0.3/reactive-streams-1.0.3.jar:/Users/carolinacosta/.m2/repository/com/typesafe/netty/netty-reactive-streams/2.0.4/netty-reactive-streams-2.0.4.jar:/Users/carolinacosta/.m2/repository/org/slf4j/slf4j-api/1.7.30/slf4j-api-1.7.30.jar:/Users/carolinacosta/.m2/repository/com/sun/activation/jakarta.activation/1.2.2/jakarta.activation-1.2.2.jar:/Users/carolinacosta/.m2/repository/org/seleniumhq/selenium/selenium-http/4.1.0/selenium-http-4.1.0.jar:/Users/carolinacosta/.m2/repository/net/jodah/failsafe/2.4.4/failsafe-2.4.4.jar:/Users/carolinacosta/.m2/repository/org/seleniumhq/selenium/selenium-safari-driver/4.1.0/selenium-safari-driver-4.1.0.jar:/Users/carolinacosta/.m2/repository/org/seleniumhq/selenium/selenium-support/4.1.0/selenium-support-4.1.0.jar:/Users/carolinacosta/.m2/repository/io/cucumber/cucumber-java/7.0.0/cucumber-java-7.0.0.jar:/Users/carolinacosta/.m2/repository/io/cucumber/cucumber-core/7.0.0/cucumber-core-7.0.0.jar:/Users/carolinacosta/.m2/repository/io/cucumber/cucumber-gherkin/7.0.0/cucumber-gherkin-7.0.0.jar:/Users/carolinacosta/.m2/repository/io/cucumber/cucumber-gherkin-messages/7.0.0/cucumber-gherkin-messages-7.0.0.jar:/Users/carolinacosta/.m2/repository/io/cucumber/messages/17.1.1/messages-17.1.1.jar:/Users/carolinacosta/.m2/repository/io/cucumber/tag-expressions/4.0.2/tag-expressions-4.0.2.jar:/Users/carolinacosta/.m2/repository/io/cucumber/cucumber-expressions/13.0.1/cucumber-expressions-13.0.1.jar:/Users/carolinacosta/.m2/repository/io/cucumber/datatable/7.0.0/datatable-7.0.0.jar:/Users/carolinacosta/.m2/repository/io/cucumber/cucumber-plugin/7.0.0/cucumber-plugin-7.0.0.jar:/Users/carolinacosta/.m2/repository/io/cucumber/docstring/7.0.0/docstring-7.0.0.jar:/Users/carolinacosta/.m2/repository/io/cucumber/html-formatter/17.0.0/html-formatter-17.0.0.jar:/Users/carolinacosta/.m2/repository/io/cucumber/create-meta/6.0.1/create-meta-6.0.1.jar:/Users/carolinacosta/.m2/repository/org/apiguardian/apiguardian-api/1.1.2/apiguardian-api-1.1.2.jar:/Users/carolinacosta/.m2/repository/io/cucumber/cucumber-junit/7.0.0/cucumber-junit-7.0.0.jar:/Users/carolinacosta/.m2/repository/junit/junit/4.13.2/junit-4.13.2.jar:/Users/carolinacosta/.m2/repository/org/hamcrest/hamcrest-core/1.3/hamcrest-core-1.3.jar:"/>
    <property name="java.vm.vendor" value="Homebrew"/>
    <property name="sun.arch.data.model" value="64"/>
    <property name="java.vendor.url" value="https://github.com/Homebrew/homebrew-core/issues"/>
    <property name="os.name" value="Mac OS X"/>
    <property name="java.vm.specification.version" value="22"/>
    <property name="sun.java.launcher" value="SUN_STANDARD"/>
    <property name="user.country" value="BR"/>
    <property name="sun.boot.library.path" value="/opt/homebrew/Cellar/openjdk/22.0.2/libexec/openjdk.jdk/Contents/Home/lib"/>
    <property name="sun.java.command" value="/Users/carolinacosta/JavaSeleniumCucumber/target/surefire/surefirebooter-20240820114917912_3.jar /Users/carolinacosta/JavaSeleniumCucumber/target/surefire 2024-08-20T11-49-17_862-jvmRun1 surefire-20240820114917912_1tmp surefire_0-20240820114917912_2tmp"/>
    <property name="http.nonProxyHosts" value="local|*.local|169.254/16|*.169.254/16"/>
    <property name="jdk.debug" value="release"/>
    <property name="surefire.test.class.path" value="/Users/carolinacosta/JavaSeleniumCucumber/target/test-classes:/Users/carolinacosta/JavaSeleniumCucumber/target/classes:/Users/carolinacosta/.m2/repository/org/seleniumhq/selenium/selenium-java/4.1.0/selenium-java-4.1.0.jar:/Users/carolinacosta/.m2/repository/org/seleniumhq/selenium/selenium-api/4.1.0/selenium-api-4.1.0.jar:/Users/carolinacosta/.m2/repository/org/seleniumhq/selenium/selenium-chrome-driver/4.1.0/selenium-chrome-driver-4.1.0.jar:/Users/carolinacosta/.m2/repository/com/google/auto/service/auto-service-annotations/1.0.1/auto-service-annotations-1.0.1.jar:/Users/carolinacosta/.m2/repository/com/google/auto/service/auto-service/1.0.1/auto-service-1.0.1.jar:/Users/carolinacosta/.m2/repository/com/google/auto/auto-common/1.2/auto-common-1.2.jar:/Users/carolinacosta/.m2/repository/com/google/guava/guava/31.0.1-jre/guava-31.0.1-jre.jar:/Users/carolinacosta/.m2/repository/com/google/guava/failureaccess/1.0.1/failureaccess-1.0.1.jar:/Users/carolinacosta/.m2/repository/com/google/guava/listenablefuture/9999.0-empty-to-avoid-conflict-with-guava/listenablefuture-9999.0-empty-to-avoid-conflict-with-guava.jar:/Users/carolinacosta/.m2/repository/com/google/code/findbugs/jsr305/3.0.2/jsr305-3.0.2.jar:/Users/carolinacosta/.m2/repository/org/checkerframework/checker-qual/3.12.0/checker-qual-3.12.0.jar:/Users/carolinacosta/.m2/repository/com/google/errorprone/error_prone_annotations/2.7.1/error_prone_annotations-2.7.1.jar:/Users/carolinacosta/.m2/repository/com/google/j2objc/j2objc-annotations/1.3/j2objc-annotations-1.3.jar:/Users/carolinacosta/.m2/repository/org/seleniumhq/selenium/selenium-chromium-driver/4.1.0/selenium-chromium-driver-4.1.0.jar:/Users/carolinacosta/.m2/repository/org/seleniumhq/selenium/selenium-json/4.1.0/selenium-json-4.1.0.jar:/Users/carolinacosta/.m2/repository/org/seleniumhq/selenium/selenium-devtools-v85/4.1.0/selenium-devtools-v85-4.1.0.jar:/Users/carolinacosta/.m2/repository/org/seleniumhq/selenium/selenium-devtools-v94/4.1.0/selenium-devtools-v94-4.1.0.jar:/Users/carolinacosta/.m2/repository/org/seleniumhq/selenium/selenium-devtools-v95/4.1.0/selenium-devtools-v95-4.1.0.jar:/Users/carolinacosta/.m2/repository/org/seleniumhq/selenium/selenium-devtools-v96/4.1.0/selenium-devtools-v96-4.1.0.jar:/Users/carolinacosta/.m2/repository/org/seleniumhq/selenium/selenium-edge-driver/4.1.0/selenium-edge-driver-4.1.0.jar:/Users/carolinacosta/.m2/repository/org/seleniumhq/selenium/selenium-firefox-driver/4.1.0/selenium-firefox-driver-4.1.0.jar:/Users/carolinacosta/.m2/repository/org/seleniumhq/selenium/selenium-firefox-xpi-driver/4.1.0/selenium-firefox-xpi-driver-4.1.0.jar:/Users/carolinacosta/.m2/repository/org/seleniumhq/selenium/selenium-ie-driver/4.1.0/selenium-ie-driver-4.1.0.jar:/Users/carolinacosta/.m2/repository/org/seleniumhq/selenium/selenium-opera-driver/4.1.0/selenium-opera-driver-4.1.0.jar:/Users/carolinacosta/.m2/repository/org/seleniumhq/selenium/selenium-remote-driver/4.1.0/selenium-remote-driver-4.1.0.jar:/Users/carolinacosta/.m2/repository/com/beust/jcommander/1.81/jcommander-1.81.jar:/Users/carolinacosta/.m2/repository/io/netty/netty-buffer/4.1.69.Final/netty-buffer-4.1.69.Final.jar:/Users/carolinacosta/.m2/repository/io/netty/netty-codec-http/4.1.69.Final/netty-codec-http-4.1.69.Final.jar:/Users/carolinacosta/.m2/repository/io/netty/netty-codec/4.1.69.Final/netty-codec-4.1.69.Final.jar:/Users/carolinacosta/.m2/repository/io/netty/netty-handler/4.1.69.Final/netty-handler-4.1.69.Final.jar:/Users/carolinacosta/.m2/repository/io/netty/netty-common/4.1.69.Final/netty-common-4.1.69.Final.jar:/Users/carolinacosta/.m2/repository/io/netty/netty-transport-native-epoll/4.1.69.Final/netty-transport-native-epoll-4.1.69.Final.jar:/Users/carolinacosta/.m2/repository/io/netty/netty-transport-native-kqueue/4.1.69.Final/netty-transport-native-kqueue-4.1.69.Final.jar:/Users/carolinacosta/.m2/repository/io/netty/netty-transport-native-unix-common/4.1.69.Final/netty-transport-native-unix-common-4.1.69.Final.jar:/Users/carolinacosta/.m2/repository/io/netty/netty-transport/4.1.69.Final/netty-transport-4.1.69.Final.jar:/Users/carolinacosta/.m2/repository/io/netty/netty-resolver/4.1.69.Final/netty-resolver-4.1.69.Final.jar:/Users/carolinacosta/.m2/repository/io/opentelemetry/opentelemetry-api/1.9.0/opentelemetry-api-1.9.0.jar:/Users/carolinacosta/.m2/repository/io/opentelemetry/opentelemetry-context/1.9.0/opentelemetry-context-1.9.0.jar:/Users/carolinacosta/.m2/repository/io/opentelemetry/opentelemetry-exporter-logging/1.9.0/opentelemetry-exporter-logging-1.9.0.jar:/Users/carolinacosta/.m2/repository/io/opentelemetry/opentelemetry-sdk-metrics/1.9.0-alpha/opentelemetry-sdk-metrics-1.9.0-alpha.jar:/Users/carolinacosta/.m2/repository/io/opentelemetry/opentelemetry-sdk-logs/1.9.0-alpha/opentelemetry-sdk-logs-1.9.0-alpha.jar:/Users/carolinacosta/.m2/repository/com/fasterxml/jackson/core/jackson-databind/2.13.0/jackson-databind-2.13.0.jar:/Users/carolinacosta/.m2/repository/com/fasterxml/jackson/core/jackson-annotations/2.13.0/jackson-annotations-2.13.0.jar:/Users/carolinacosta/.m2/repository/com/fasterxml/jackson/core/jackson-core/2.13.0/jackson-core-2.13.0.jar:/Users/carolinacosta/.m2/repository/io/opentelemetry/opentelemetry-sdk-common/1.9.0/opentelemetry-sdk-common-1.9.0.jar:/Users/carolinacosta/.m2/repository/io/opentelemetry/opentelemetry-sdk-extension-autoconfigure-spi/1.9.0/opentelemetry-sdk-extension-autoconfigure-spi-1.9.0.jar:/Users/carolinacosta/.m2/repository/io/opentelemetry/opentelemetry-sdk-extension-autoconfigure/1.9.0-alpha/opentelemetry-sdk-extension-autoconfigure-1.9.0-alpha.jar:/Users/carolinacosta/.m2/repository/io/opentelemetry/opentelemetry-sdk-trace/1.9.0/opentelemetry-sdk-trace-1.9.0.jar:/Users/carolinacosta/.m2/repository/io/opentelemetry/opentelemetry-api-metrics/1.9.0-alpha/opentelemetry-api-metrics-1.9.0-alpha.jar:/Users/carolinacosta/.m2/repository/io/opentelemetry/opentelemetry-sdk/1.9.0/opentelemetry-sdk-1.9.0.jar:/Users/carolinacosta/.m2/repository/io/opentelemetry/opentelemetry-semconv/1.9.0-alpha/opentelemetry-semconv-1.9.0-alpha.jar:/Users/carolinacosta/.m2/repository/io/ous/jtoml/2.0.0/jtoml-2.0.0.jar:/Users/carolinacosta/.m2/repository/net/bytebuddy/byte-buddy/1.12.1/byte-buddy-1.12.1.jar:/Users/carolinacosta/.m2/repository/org/apache/commons/commons-exec/1.3/commons-exec-1.3.jar:/Users/carolinacosta/.m2/repository/org/asynchttpclient/async-http-client/2.12.3/async-http-client-2.12.3.jar:/Users/carolinacosta/.m2/repository/org/asynchttpclient/async-http-client-netty-utils/2.12.3/async-http-client-netty-utils-2.12.3.jar:/Users/carolinacosta/.m2/repository/io/netty/netty-codec-socks/4.1.60.Final/netty-codec-socks-4.1.60.Final.jar:/Users/carolinacosta/.m2/repository/io/netty/netty-handler-proxy/4.1.60.Final/netty-handler-proxy-4.1.60.Final.jar:/Users/carolinacosta/.m2/repository/io/netty/netty-transport-native-epoll/4.1.60.Final/netty-transport-native-epoll-4.1.60.Final-linux-x86_64.jar:/Users/carolinacosta/.m2/repository/io/netty/netty-transport-native-kqueue/4.1.60.Final/netty-transport-native-kqueue-4.1.60.Final-osx-x86_64.jar:/Users/carolinacosta/.m2/repository/org/reactivestreams/reactive-streams/1.0.3/reactive-streams-1.0.3.jar:/Users/carolinacosta/.m2/repository/com/typesafe/netty/netty-reactive-streams/2.0.4/netty-reactive-streams-2.0.4.jar:/Users/carolinacosta/.m2/repository/org/slf4j/slf4j-api/1.7.30/slf4j-api-1.7.30.jar:/Users/carolinacosta/.m2/repository/com/sun/activation/jakarta.activation/1.2.2/jakarta.activation-1.2.2.jar:/Users/carolinacosta/.m2/repository/org/seleniumhq/selenium/selenium-http/4.1.0/selenium-http-4.1.0.jar:/Users/carolinacosta/.m2/repository/net/jodah/failsafe/2.4.4/failsafe-2.4.4.jar:/Users/carolinacosta/.m2/repository/org/seleniumhq/selenium/selenium-safari-driver/4.1.0/selenium-safari-driver-4.1.0.jar:/Users/carolinacosta/.m2/repository/org/seleniumhq/selenium/selenium-support/4.1.0/selenium-support-4.1.0.jar:/Users/carolinacosta/.m2/repository/io/cucumber/cucumber-java/7.0.0/cucumber-java-7.0.0.jar:/Users/carolinacosta/.m2/repository/io/cucumber/cucumber-core/7.0.0/cucumber-core-7.0.0.jar:/Users/carolinacosta/.m2/repository/io/cucumber/cucumber-gherkin/7.0.0/cucumber-gherkin-7.0.0.jar:/Users/carolinacosta/.m2/repository/io/cucumber/cucumber-gherkin-messages/7.0.0/cucumber-gherkin-messages-7.0.0.jar:/Users/carolinacosta/.m2/repository/io/cucumber/messages/17.1.1/messages-17.1.1.jar:/Users/carolinacosta/.m2/repository/io/cucumber/tag-expressions/4.0.2/tag-expressions-4.0.2.jar:/Users/carolinacosta/.m2/repository/io/cucumber/cucumber-expressions/13.0.1/cucumber-expressions-13.0.1.jar:/Users/carolinacosta/.m2/repository/io/cucumber/datatable/7.0.0/datatable-7.0.0.jar:/Users/carolinacosta/.m2/repository/io/cucumber/cucumber-plugin/7.0.0/cucumber-plugin-7.0.0.jar:/Users/carolinacosta/.m2/repository/io/cucumber/docstring/7.0.0/docstring-7.0.0.jar:/Users/carolinacosta/.m2/repository/io/cucumber/html-formatter/17.0.0/html-formatter-17.0.0.jar:/Users/carolinacosta/.m2/repository/io/cucumber/create-meta/6.0.1/create-meta-6.0.1.jar:/Users/carolinacosta/.m2/repository/org/apiguardian/apiguardian-api/1.1.2/apiguardian-api-1.1.2.jar:/Users/carolinacosta/.m2/repository/io/cucumber/cucumber-junit/7.0.0/cucumber-junit-7.0.0.jar:/Users/carolinacosta/.m2/repository/junit/junit/4.13.2/junit-4.13.2.jar:/Users/carolinacosta/.m2/repository/org/hamcrest/hamcrest-core/1.3/hamcrest-core-1.3.jar:"/>
    <property name="sun.cpu.endian" value="little"/>
    <property name="user.home" value="/Users/carolinacosta"/>
    <property name="user.language" value="en"/>
    <property name="java.specification.vendor" value="Oracle Corporation"/>
    <property name="java.version.date" value="2024-07-16"/>
    <property name="java.home" value="/opt/homebrew/Cellar/openjdk/22.0.2/libexec/openjdk.jdk/Contents/Home"/>
    <property name="file.separator" value="/"/>
    <property name="basedir" value="/Users/carolinacosta/JavaSeleniumCucumber"/>
    <property name="java.vm.compressedOopsMode" value="Zero based"/>
    <property name="line.separator" value="&#10;"/>
    <property name="java.vm.specification.vendor" value="Oracle Corporation"/>
    <property name="java.specification.name" value="Java Platform API Specification"/>
    <property name="apple.awt.application.name" value="ForkedBooter"/>
    <property name="surefire.real.class.path" value="/Users/carolinacosta/JavaSeleniumCucumber/target/surefire/surefirebooter-20240820114917912_3.jar"/>
    <property name="sun.management.compiler" value="HotSpot 64-Bit Tiered Compilers"/>
    <property name="ftp.nonProxyHosts" value="local|*.local|169.254/16|*.169.254/16"/>
    <property name="java.runtime.version" value="22.0.2"/>
    <property name="user.name" value="carolinacosta"/>
    <property name="stdout.encoding" value="UTF-8"/>
    <property name="path.separator" value=":"/>
    <property name="os.version" value="14.5"/>
    <property name="java.runtime.name" value="OpenJDK Runtime Environment"/>
    <property name="file.encoding" value="UTF-8"/>
    <property name="java.vm.name" value="OpenJDK 64-Bit Server VM"/>
    <property name="java.vendor.version" value="Homebrew"/>
    <property name="localRepository" value="/Users/carolinacosta/.m2/repository"/>
    <property name="java.vendor.url.bug" value="https://github.com/Homebrew/homebrew-core/issues"/>
    <property name="java.io.tmpdir" value="/var/folders/d3/xgp1hjw55k9__4kq2636lptm0000gn/T/"/>
    <property name="java.version" value="22.0.2"/>
    <property name="user.dir" value="/Users/carolinacosta/JavaSeleniumCucumber"/>
    <property name="os.arch" value="aarch64"/>
    <property name="java.vm.specification.name" value="Java Virtual Machine Specification"/>
    <property name="native.encoding" value="UTF-8"/>
    <property name="java.library.path" value="/Users/carolinacosta/Library/Java/Extensions:/Library/Java/Extensions:/Network/Library/Java/Extensions:/System/Library/Java/Extensions:/usr/lib/java:."/>
    <property name="java.vm.info" value="mixed mode, sharing"/>
    <property name="stderr.encoding" value="UTF-8"/>
    <property name="java.vendor" value="Homebrew"/>
    <property name="java.vm.version" value="22.0.2"/>
    <property name="sun.io.unicode.encoding" value="UnicodeBig"/>
    <property name="socksNonProxyHosts" value="local|*.local|169.254/16|*.169.254/16"/>
    <property name="java.class.version" value="66.0"/>
  </properties>
  <testcase name="testApp" classname="com.example.AppTest" time="0.002"/>
</testsuite>